yarn run v1.22.19
$ next start
ready - started server on 0.0.0.0:3000, url: http://localhost:3000
info  - Loaded env from /home/munj1/frontend/Frontend-v1-Original/.env
info  - SWC minify release candidate enabled. https://nextjs.link/swcmin
Error: Could not find a production build in the '/home/munj1/frontend/Frontend-v1-Original/.next' directory. Try building your app with 'next build' before starting the production server. https://nextjs.org/docs/messages/production-start-no-build-id
    at NextNodeServer.getBuildId (/home/munj1/frontend/Frontend-v1-Original/node_modules/next/dist/server/next-server.js:116:23)
    at new Server (/home/munj1/frontend/Frontend-v1-Original/node_modules/next/dist/server/base-server.js:70:29)
    at new NextNodeServer (/home/munj1/frontend/Frontend-v1-Original/node_modules/next/dist/server/next-server.js:63:9)
    at NextServer.createServer (/home/munj1/frontend/Frontend-v1-Original/node_modules/next/dist/server/next.js:140:16)
    at async /home/munj1/frontend/Frontend-v1-Original/node_modules/next/dist/server/next.js:149:31
error Command failed with exit code 1.
info Visit https://yarnpkg.com/en/docs/cli/run for documentation about this command.
yarn run v1.22.19
$ next start
ready - started server on 0.0.0.0:3000, url: http://localhost:3000
info  - Loaded env from /home/munj1/frontend/Frontend-v1-Original/.env
info  - SWC minify release candidate enabled. https://nextjs.link/swcmin
Warning: For production Image Optimization with Next.js, the optional 'sharp' package is strongly recommended. Run 'yarn add sharp', and Next.js will use it automatically for Image Optimization.
Read more: https://nextjs.org/docs/messages/sharp-missing-in-production
The requested resource isn't a valid image for /images/vcm1.png received text/html; charset=utf-8
The requested resource isn't a valid image for /images/vcm1.png received text/html; charset=utf-8
Killed
